(0000) 3000 0011000000000000 (   2)                      .ORIG 0x3000	Examples/Features.asm
(3000) 0000 0000000000000000 (   7)                      .FILL 0x0000	Examples/Features.asm
(3001) 0000 0000000000000000 (   7)                      .FILL 0x0000	Examples/Features.asm
(3002) 0000 0000000000000000 (   7)                      .FILL 0x0000	Examples/Features.asm
(3003) 0000 0000000000000000 (   7)                      .FILL 0x0000	Examples/Features.asm
(3004) 0000 0000000000000000 (   7)                      .FILL 0x0000	Examples/Features.asm
(3005) 0000 0000000000000000 (   7)                      .FILL 0x0000	Examples/Features.asm
(3006) 0000 0000000000000000 (   7)                      .FILL 0x0000	Examples/Features.asm
(3007) 0000 0000000000000000 (   7)                      .FILL 0x0000	Examples/Features.asm
(3008) 0000 0000000000000000 (   7)                      .FILL 0x0000	Examples/Features.asm
(3009) 0000 0000000000000000 (   7)                      .FILL 0x0000	Examples/Features.asm
(300A) 0000 0000000000000000 (   7)                      .FILL 0x0000	Examples/Features.asm
(300B) 0000 0000000000000000 (   7)                      .FILL 0x0000	Examples/Features.asm
(300C) 0000 0000000000000000 (   7)                      .FILL 0x0000	Examples/Features.asm
(300D) 0000 0000000000000000 (   7)                      .FILL 0x0000	Examples/Features.asm
(300E) 0000 0000000000000000 (   7)                      .FILL 0x0000	Examples/Features.asm
(300F) 0000 0000000000000000 (   7)                      .FILL 0x0000	Examples/Features.asm
(3010) 0000 0000000000000000 (   9)                      .FILL 0x0000	Examples/Features.asm
(3011) 0048 0000000001001000 (  10)                      .FILL 0x4800	Examples/Features.asm
(3012) 6500 0000000001100101 (  10)                      .FILL 0x0065	Examples/Features.asm
(3013) 006C 0000000001101100 (  10)                      .FILL 0x006C	Examples/Features.asm
(3014) 006C 0000000001101100 (  10)                      .FILL 0x006C	Examples/Features.asm
(3015) 006F 0000000001101111 (  10)                      .FILL 0x006F	Examples/Features.asm
(3016) 0000 0000000000000000 (  10)                      .FILL 0x0000	Examples/Features.asm
(3017) 1B76 0001101101110110 (  18) BEGIN_TEST           ADD R5 R5 #-10	Examples/Features.asm
(3018) 1B45 0001101101000101 (  20)                      ADD R5 R5 R5	Examples/Features.asm
(3019) 12A1 0001001010100001 (  21)                      ADD R1 R2 #1	Examples/Features.asm
(301A) 1B60 0001101101100000 (  23)                      ADD R5 R5 #0	Examples/Features.asm
(301B) AE29 1010111000101001 (  25)                      LDI R7 cheat	Examples/Features.asm
(301C) 927F 1001001001111111 (  32) EXTRA_FEATURES       NOT R1 R1	Examples/Features.asm
(301D) 1261 0001001001100001 (  32)                      ADD R1 R1 #1	Examples/Features.asm
(301E) 927F 1001001001111111 (  33)                      NOT R1 R1	Examples/Features.asm
(301F) 1261 0001001001100001 (  33)                      ADD R1 R1 #1	Examples/Features.asm
(3020) 1B41 0001101101000001 (  33)                      ADD R5 R5 R1	Examples/Features.asm
(3021) 927F 1001001001111111 (  33)                      NOT R1 R1	Examples/Features.asm
(3022) 1261 0001001001100001 (  33)                      ADD R1 R1 #1	Examples/Features.asm
(3023) 5B60 0101101101100000 (  34)                      AND R5 R5 #0	Examples/Features.asm
(3024) 94BF 1001010010111111 (  36)                      NOT R2 R2	Examples/Features.asm
(3025) 14A1 0001010010100001 (  36)                      ADD R2 R2 #1	Examples/Features.asm
(3026) 1242 0001001001000010 (  36)                      ADD R1 R1 R2	Examples/Features.asm
(3027) 94BF 1001010010111111 (  36)                      NOT R2 R2	Examples/Features.asm
(3028) 14A1 0001010010100001 (  36)                      ADD R2 R2 #1	Examples/Features.asm
(3029) 52A0 0101001010100000 (  37)                      AND R1 R2 #0	Examples/Features.asm
(302A) 927F 1001001001111111 (  38)                      NOT R1 R1	Examples/Features.asm
(302B) 1261 0001001001100001 (  38)                      ADD R1 R1 #1	Examples/Features.asm
(302C) 1281 0001001010000001 (  38)                      ADD R1 R2 R1	Examples/Features.asm
(302D) 96FF 1001011011111111 (  39)                      NOT R3 R3	Examples/Features.asm
(302E) 16E1 0001011011100001 (  39)                      ADD R3 R3 #1	Examples/Features.asm
(302F) 1283 0001001010000011 (  39)                      ADD R1 R2 R3	Examples/Features.asm
(3030) 96FF 1001011011111111 (  39)                      NOT R3 R3	Examples/Features.asm
(3031) 16E1 0001011011100001 (  39)                      ADD R3 R3 #1	Examples/Features.asm
(3032) 01C0 0000000111000000 (  41) oct                  .FILL 0x01C0	Examples/Features.asm
(3033) 0041 0000000001000001 (  44)                      .FILL 0x0041	Examples/Features.asm
(3034) 000A 0000000000001010 (  45)                      .FILL 0x000A	Examples/Features.asm
(3035) 00FF 0000000011111111 (  47)                      .FILL 0x00FF	Examples/Features.asm
(3036) 00FF 0000000011111111 (  47)                      .FILL 0x00FF	Examples/Features.asm
(3037) 00FF 0000000011111111 (  47)                      .FILL 0x00FF	Examples/Features.asm
(3038) 00FF 0000000011111111 (  47)                      .FILL 0x00FF	Examples/Features.asm
(3039) 00FF 0000000011111111 (  47)                      .FILL 0x00FF	Examples/Features.asm
(303A) 00FF 0000000011111111 (  47)                      .FILL 0x00FF	Examples/Features.asm
(303B) 00FF 0000000011111111 (  47)                      .FILL 0x00FF	Examples/Features.asm
(303C) 00FF 0000000011111111 (  47)                      .FILL 0x00FF	Examples/Features.asm
(303D) 00FF 0000000011111111 (  47)                      .FILL 0x00FF	Examples/Features.asm
(303E) 00FF 0000000011111111 (  47)                      .FILL 0x00FF	Examples/Features.asm
(303F) 00FF 0000000011111111 (  47)                      .FILL 0x00FF	Examples/Features.asm
(3040) 00FF 0000000011111111 (  47)                      .FILL 0x00FF	Examples/Features.asm
(3041) 00FF 0000000011111111 (  47)                      .FILL 0x00FF	Examples/Features.asm
(3042) 00FF 0000000011111111 (  47)                      .FILL 0x00FF	Examples/Features.asm
(3043) 00FF 0000000011111111 (  47)                      .FILL 0x00FF	Examples/Features.asm
(3044) 00FF 0000000011111111 (  47)                      .FILL 0x00FF	Examples/Features.asm
(3045) 30D8 0011000011011000 (  48) cheat                .FILL 0x30D8	Examples/Features.asm
(3046) 54A0 0101010010100000 (  50)                      AND R2 R2 #0	Examples/Features.asm
(3047) 14AA 0001010010101010 (  50)                      ADD R2 R2 #10	Examples/Features.asm
(3048) 0E01 0000111000000001 (  51)                      BRnzp 0x304A	Examples/Features.asm
(3049) 3000 0011000000000000 (  51)                      .FILL 0x3000	Examples/Features.asm
(304A) 27FE 0010011111111110 (  51)                      LD R3 0x3049	Examples/Features.asm
(304B) 1482 0001010010000010 (  53)                      ADD R2 R2 R2	Examples/Features.asm
(304C) 1482 0001010010000010 (  53)                      ADD R2 R2 R2	Examples/Features.asm
(304D) 12A0 0001001010100000 (   1)                      ADD R1 R2 #0	Examples/include.h
(304E) 5260 0101001001100000 (   2)                      AND R1 R1 #0	Examples/include.h
(304F) 927F 1001001001111111 (   5) INCLUDED_LABEL       NOT R1 R1	Examples/include.h
(3050) 1261 0001001001100001 (   5)                      ADD R1 R1 #1	Examples/include.h
(3051) 4800 0100100000000000 (  57)                      JSR WARNING_THROWS	Examples/Features.asm
(3052) 4FFF 0100111111111111 (  60) WARNING_THROWS       JSR WARNING_THROWS	Examples/Features.asm
(3053) 4800 0100100000000000 (  61)                      JSR 0x3054	Examples/Features.asm
(3054) 03FF 0000001111111111 (  62)                      BRp 0x3054	Examples/Features.asm
(3055) 0200 0000001000000000 (  63)                      BRp 0x3056	Examples/Features.asm
(3056) 09FF 0000100111111111 (  64)                      BRn 0x3056	Examples/Features.asm
(3057) 09FA 0000100111111010 (  65)                      BRn WARNING_THROWS	Examples/Features.asm
(3058) F0FF 1111000011111111 (  66)                      TRAP 0xFF	Examples/Features.asm
(3059) 0F00 0000111100000000 (  67)                      BRnzp 0x2F5A	Examples/Features.asm
(305A) 1000 0001000000000000 (  68)                      ADD R0 R0 R0	Examples/Features.asm
(305B) 1000 0001000000000000 (  69)                      ADD R0 R0 R0	Examples/Features.asm
(305C) 1000 0001000000000000 (  69)                      ADD R0 R0 R0	Examples/Features.asm
(305D) 1000 0001000000000000 (  70)                      ADD R0 R0 R0	Examples/Features.asm
(305E) 1000 0001000000000000 (  70)                      ADD R0 R0 R0	Examples/Features.asm
(305E) 1000 0001000000000000 (  70)                      ADD R0 R0 R0	Examples/Features.asm
(3060) 1000 0001000000000000 (  71)                      ADD R0 R0 R0	Examples/Features.asm
(3061) 1000 0001000000000000 (  71)                      ADD R0 R0 R0	Examples/Features.asm
(3061) 1000 0001000000000000 (  71)                      ADD R0 R0 R0	Examples/Features.asm
(3061) 1000 0001000000000000 (  71)                      ADD R0 R0 R0	Examples/Features.asm
(3064) 1000 0001000000000000 (  72)                      ADD R0 R0 R0	Examples/Features.asm
(3065) 1000 0001000000000000 (  72)                      ADD R0 R0 R0	Examples/Features.asm
(3065) 1000 0001000000000000 (  72)                      ADD R0 R0 R0	Examples/Features.asm
(3065) 1000 0001000000000000 (  72)                      ADD R0 R0 R0	Examples/Features.asm
(3065) 1000 0001000000000000 (  72)                      ADD R0 R0 R0	Examples/Features.asm
(3069) 1000 0001000000000000 (  73)                      ADD R0 R0 R0	Examples/Features.asm
(306A) 1000 0001000000000000 (  73)                      ADD R0 R0 R0	Examples/Features.asm
(306A) 1000 0001000000000000 (  73)                      ADD R0 R0 R0	Examples/Features.asm
(306A) 1000 0001000000000000 (  73)                      ADD R0 R0 R0	Examples/Features.asm
(306A) 1000 0001000000000000 (  73)                      ADD R0 R0 R0	Examples/Features.asm
(306A) 1000 0001000000000000 (  73)                      ADD R0 R0 R0	Examples/Features.asm
(306F) 1000 0001000000000000 (  74)                      ADD R0 R0 R0	Examples/Features.asm
(3070) 1000 0001000000000000 (  74)                      ADD R0 R0 R0	Examples/Features.asm
(3070) 1000 0001000000000000 (  74)                      ADD R0 R0 R0	Examples/Features.asm
(3070) 1000 0001000000000000 (  74)                      ADD R0 R0 R0	Examples/Features.asm
(3070) 1000 0001000000000000 (  74)                      ADD R0 R0 R0	Examples/Features.asm
(3070) 1000 0001000000000000 (  74)                      ADD R0 R0 R0	Examples/Features.asm
(3070) 1000 0001000000000000 (  74)                      ADD R0 R0 R0	Examples/Features.asm
(3076) 1000 0001000000000000 (  75)                      ADD R0 R0 R0	Examples/Features.asm
(3077) 1000 0001000000000000 (  75)                      ADD R0 R0 R0	Examples/Features.asm
(3077) 1000 0001000000000000 (  75)                      ADD R0 R0 R0	Examples/Features.asm
(3077) 1000 0001000000000000 (  75)                      ADD R0 R0 R0	Examples/Features.asm
(3077) 1000 0001000000000000 (  75)                      ADD R0 R0 R0	Examples/Features.asm
(3077) 1000 0001000000000000 (  75)                      ADD R0 R0 R0	Examples/Features.asm
(3077) 1000 0001000000000000 (  75)                      ADD R0 R0 R0	Examples/Features.asm
(3077) 1000 0001000000000000 (  75)                      ADD R0 R0 R0	Examples/Features.asm
(307E) 1000 0001000000000000 (  76)                      ADD R0 R0 R0	Examples/Features.asm
(307F) 1000 0001000000000000 (  76)                      ADD R0 R0 R0	Examples/Features.asm
(307F) 1000 0001000000000000 (  76)                      ADD R0 R0 R0	Examples/Features.asm
(307F) 1000 0001000000000000 (  76)                      ADD R0 R0 R0	Examples/Features.asm
(307F) 1000 0001000000000000 (  76)                      ADD R0 R0 R0	Examples/Features.asm
(307F) 1000 0001000000000000 (  76)                      ADD R0 R0 R0	Examples/Features.asm
(307F) 1000 0001000000000000 (  76)                      ADD R0 R0 R0	Examples/Features.asm
(307F) 1000 0001000000000000 (  76)                      ADD R0 R0 R0	Examples/Features.asm
(307F) 1000 0001000000000000 (  76)                      ADD R0 R0 R0	Examples/Features.asm
(3087) 1000 0001000000000000 (  77)                      ADD R0 R0 R0	Examples/Features.asm
(3088) 1000 0001000000000000 (  77)                      ADD R0 R0 R0	Examples/Features.asm
(3088) 1000 0001000000000000 (  77)                      ADD R0 R0 R0	Examples/Features.asm
(3088) 1000 0001000000000000 (  77)                      ADD R0 R0 R0	Examples/Features.asm
(3088) 1000 0001000000000000 (  77)                      ADD R0 R0 R0	Examples/Features.asm
(3088) 1000 0001000000000000 (  77)                      ADD R0 R0 R0	Examples/Features.asm
(3088) 1000 0001000000000000 (  77)                      ADD R0 R0 R0	Examples/Features.asm
(3088) 1000 0001000000000000 (  77)                      ADD R0 R0 R0	Examples/Features.asm
(3088) 1000 0001000000000000 (  77)                      ADD R0 R0 R0	Examples/Features.asm
(3088) 1000 0001000000000000 (  77)                      ADD R0 R0 R0	Examples/Features.asm
(3091) 1000 0001000000000000 (  78)                      ADD R0 R0 R0	Examples/Features.asm
(3092) 1000 0001000000000000 (  78)                      ADD R0 R0 R0	Examples/Features.asm
(3092) 1000 0001000000000000 (  78)                      ADD R0 R0 R0	Examples/Features.asm
(3092) 1000 0001000000000000 (  78)                      ADD R0 R0 R0	Examples/Features.asm
(3092) 1000 0001000000000000 (  78)                      ADD R0 R0 R0	Examples/Features.asm
(3092) 1000 0001000000000000 (  78)                      ADD R0 R0 R0	Examples/Features.asm
(3092) 1000 0001000000000000 (  78)                      ADD R0 R0 R0	Examples/Features.asm
(3092) 1000 0001000000000000 (  78)                      ADD R0 R0 R0	Examples/Features.asm
(3092) 1000 0001000000000000 (  78)                      ADD R0 R0 R0	Examples/Features.asm
(3092) 1000 0001000000000000 (  78)                      ADD R0 R0 R0	Examples/Features.asm
(3092) 1000 0001000000000000 (  78)                      ADD R0 R0 R0	Examples/Features.asm
(309C) 1000 0001000000000000 (  79)                      ADD R0 R0 R0	Examples/Features.asm
(309D) 1000 0001000000000000 (  79)                      ADD R0 R0 R0	Examples/Features.asm
(309D) 1000 0001000000000000 (  79)                      ADD R0 R0 R0	Examples/Features.asm
(309D) 1000 0001000000000000 (  79)                      ADD R0 R0 R0	Examples/Features.asm
(309D) 1000 0001000000000000 (  79)                      ADD R0 R0 R0	Examples/Features.asm
(309D) 1000 0001000000000000 (  79)                      ADD R0 R0 R0	Examples/Features.asm
(309D) 1000 0001000000000000 (  79)                      ADD R0 R0 R0	Examples/Features.asm
(309D) 1000 0001000000000000 (  79)                      ADD R0 R0 R0	Examples/Features.asm
(309D) 1000 0001000000000000 (  79)                      ADD R0 R0 R0	Examples/Features.asm
(309D) 1000 0001000000000000 (  79)                      ADD R0 R0 R0	Examples/Features.asm
(309D) 1000 0001000000000000 (  79)                      ADD R0 R0 R0	Examples/Features.asm
(309D) 1000 0001000000000000 (  79)                      ADD R0 R0 R0	Examples/Features.asm
(30A8) 1000 0001000000000000 (  80)                      ADD R0 R0 R0	Examples/Features.asm
(30A9) 1000 0001000000000000 (  80)                      ADD R0 R0 R0	Examples/Features.asm
(30A9) 1000 0001000000000000 (  80)                      ADD R0 R0 R0	Examples/Features.asm
(30A9) 1000 0001000000000000 (  80)                      ADD R0 R0 R0	Examples/Features.asm
(30A9) 1000 0001000000000000 (  80)                      ADD R0 R0 R0	Examples/Features.asm
(30A9) 1000 0001000000000000 (  80)                      ADD R0 R0 R0	Examples/Features.asm
(30A9) 1000 0001000000000000 (  80)                      ADD R0 R0 R0	Examples/Features.asm
(30A9) 1000 0001000000000000 (  80)                      ADD R0 R0 R0	Examples/Features.asm
(30A9) 1000 0001000000000000 (  80)                      ADD R0 R0 R0	Examples/Features.asm
(30A9) 1000 0001000000000000 (  80)                      ADD R0 R0 R0	Examples/Features.asm
(30A9) 1000 0001000000000000 (  80)                      ADD R0 R0 R0	Examples/Features.asm
(30A9) 1000 0001000000000000 (  80)                      ADD R0 R0 R0	Examples/Features.asm
(30A9) 1000 0001000000000000 (  80)                      ADD R0 R0 R0	Examples/Features.asm
(30B5) 1000 0001000000000000 (  81)                      ADD R0 R0 R0	Examples/Features.asm
(30B6) 1000 0001000000000000 (  81)                      ADD R0 R0 R0	Examples/Features.asm
(30B6) 1000 0001000000000000 (  81)                      ADD R0 R0 R0	Examples/Features.asm
(30B6) 1000 0001000000000000 (  81)                      ADD R0 R0 R0	Examples/Features.asm
(30B6) 1000 0001000000000000 (  81)                      ADD R0 R0 R0	Examples/Features.asm
(30B6) 1000 0001000000000000 (  81)                      ADD R0 R0 R0	Examples/Features.asm
(30B6) 1000 0001000000000000 (  81)                      ADD R0 R0 R0	Examples/Features.asm
(30B6) 1000 0001000000000000 (  81)                      ADD R0 R0 R0	Examples/Features.asm
(30B6) 1000 0001000000000000 (  81)                      ADD R0 R0 R0	Examples/Features.asm
(30B6) 1000 0001000000000000 (  81)                      ADD R0 R0 R0	Examples/Features.asm
(30B6) 1000 0001000000000000 (  81)                      ADD R0 R0 R0	Examples/Features.asm
(30B6) 1000 0001000000000000 (  81)                      ADD R0 R0 R0	Examples/Features.asm
(30B6) 1000 0001000000000000 (  81)                      ADD R0 R0 R0	Examples/Features.asm
(30B6) 1000 0001000000000000 (  81)                      ADD R0 R0 R0	Examples/Features.asm
(30C3) 1000 0001000000000000 (  82)                      ADD R0 R0 R0	Examples/Features.asm
(30C4) 1000 0001000000000000 (  82)                      ADD R0 R0 R0	Examples/Features.asm
(30C4) 1000 0001000000000000 (  82)                      ADD R0 R0 R0	Examples/Features.asm
(30C4) 1000 0001000000000000 (  82)                      ADD R0 R0 R0	Examples/Features.asm
(30C4) 1000 0001000000000000 (  82)                      ADD R0 R0 R0	Examples/Features.asm
(30C4) 1000 0001000000000000 (  82)                      ADD R0 R0 R0	Examples/Features.asm
(30C4) 1000 0001000000000000 (  82)                      ADD R0 R0 R0	Examples/Features.asm
(30C4) 1000 0001000000000000 (  82)                      ADD R0 R0 R0	Examples/Features.asm
(30C4) 1000 0001000000000000 (  82)                      ADD R0 R0 R0	Examples/Features.asm
(30C4) 1000 0001000000000000 (  82)                      ADD R0 R0 R0	Examples/Features.asm
(30C4) 1000 0001000000000000 (  82)                      ADD R0 R0 R0	Examples/Features.asm
(30C4) 1000 0001000000000000 (  82)                      ADD R0 R0 R0	Examples/Features.asm
(30C4) 1000 0001000000000000 (  82)                      ADD R0 R0 R0	Examples/Features.asm
(30C4) 1000 0001000000000000 (  82)                      ADD R0 R0 R0	Examples/Features.asm
(30C4) 1000 0001000000000000 (  82)                      ADD R0 R0 R0	Examples/Features.asm
(30D2) C1C0 1100000111000000 (  85)                      RET	Examples/Features.asm
(30D3) 0E00 0000111000000000 (  86)                      BRnzp WARNING_STRING	Examples/Features.asm
(30D4) 0020 0000000000100000 (  88) WARNING_STRING       .FILL 0x2000	Examples/Features.asm
(30D5) 2000 0000000000100000 (  88)                      .FILL 0x0020	Examples/Features.asm
(30D6) 0000 0000000000000000 (  88)                      .FILL 0x0000	Examples/Features.asm
(30D7) 0F3F 0000111100111111 ( 137)                      BRnzp BEGIN_TEST	Examples/Features.asm
(30D8) 3017 0011000000010111 ( 139) addr                 .FILL 0x3017	Examples/Features.asm
(30D9) 0000 0000000000000000 ( 142) b                    .FILL 0x0000	Examples/Features.asm
(30DA) 000A 0000000000001010 ( 144) bin                  .FILL 0x000A	Examples/Features.asm
(30DB) 0000 0000000000000000 ( 145) hex                  .FILL 0x0000	Examples/Features.asm
(30DC) 0000 0000000000000000 ( 149)                      .END	Examples/Features.asm
