(0000) 3000 0011000000000000 (   1)                      .ORIG 0x3000
(3000) 0E04 0000111000000100 (   2)                      BRnzp START
(3001) 5555 0101010101010101 (   3) OP1_LSW              AND R2, R5, R5
(3002) 6002 0110000000000010 (   4) OP1_MSW              LDR R0, R0, #2
(3003) 7FFF 0111111111111111 (   5) OP2_LSW              STR R7, R7, #-1
(3004) 6001 0110000000000001 (   6) OP2_MSW              LDR R0, R0, #1
(3005) 2DFC 0010110111111100 (   7) START                LD R6, OP1_MSW
(3006) 4847 0100100001000111 (   8)                      JSR BEGIN_PRINT_BINARY
(3007) 2061 0010000001100001 (   9)                      LD R0, ASCII_SPACE
(3008) F021 1111000000100001 (  10)                      OUT
(3009) 2DF7 0010110111110111 (  11)                      LD R6, OP1_LSW
(300A) 4843 0100100001000011 (  12)                      JSR BEGIN_PRINT_BINARY
(300B) 205C 0010000001011100 (  13)                      LD R0, ASCII_NEWLINE
(300C) F021 1111000000100001 (  14)                      OUT
(300D) 2DF6 0010110111110110 (  15)                      LD R6, OP2_MSW
(300E) 483F 0100100000111111 (  16)                      JSR BEGIN_PRINT_BINARY
(300F) 2059 0010000001011001 (  17)                      LD R0, ASCII_SPACE
(3010) F021 1111000000100001 (  18)                      OUT
(3011) 2DF1 0010110111110001 (  19)                      LD R6, OP2_LSW
(3012) 483B 0100100000111011 (  20)                      JSR BEGIN_PRINT_BINARY
(3013) 2054 0010000001010100 (  21)                      LD R0, ASCII_NEWLINE
(3014) F021 1111000000100001 (  22)                      OUT
(3015) E054 1110000001010100 (  23)                      LEA R0, SEPERATOR
(3016) F022 1111000000100010 (  24)                      PUTS
(3017) 2050 0010000001010000 (  25)                      LD R0, ASCII_NEWLINE
(3018) F021 1111000000100001 (  26)                      OUT
(3019) 5920 0101100100100000 (  27) ADD_LSW              AND R4, R4, #0
(301A) 21E6 0010000111100110 (  28)                      LD R0, OP1_LSW
(301B) 23E7 0010001111100111 (  29)                      LD R1, OP2_LSW
(301C) 1C01 0001110000000001 (  30)                      ADD R6, R0, R1
(301D) 2A40 0010101001000000 (  31)                      LD R5, MASK
(301E) 5B46 0101101101000110 (  32)                      AND R5, R5, R6
(301F) 3A42 0011101001000010 (  33)                      ST R5, LSW_RESULT
(3020) 2A3F 0010101000111111 (  34)                      LD R5, CARRY_BIT
(3021) 5B46 0101101101000110 (  35)                      AND R5, R5, R6
(3022) 0401 0000010000000001 (  36)                      BRz ADD_MSW
(3023) 1921 0001100100100001 (  37) LSW_CARRY            ADD R4, R4, #1
(3024) 21DD 0010000111011101 (  38) ADD_MSW              LD R0, OP1_MSW
(3025) 23DE 0010001111011110 (  39)                      LD R1, OP2_MSW
(3026) 1C40 0001110001000000 (  40)                      ADD R6, R1, R0
(3027) 1D84 0001110110000100 (  41)                      ADD R6, R6, R4
(3028) 2A35 0010101000110101 (  42)                      LD R5, MASK
(3029) 5B46 0101101101000110 (  43)                      AND R5, R5, R6
(302A) 3A36 0011101000110110 (  44)                      ST R5, MSW_RESULT
(302B) 2A34 0010101000110100 (  45)                      LD R5, CARRY_BIT
(302C) 5B46 0101101101000110 (  46)                      AND R5, R5, R6
(302D) 0402 0000010000000010 (  47)                      BRz CHECK_OVERFLOW
(302E) 1021 0001000000100001 (  48) MSW_CARRY            ADD R0, R0, #1
(302F) 3033 0011000000110011 (  49)                      ST R0, CARRY
(3030) 242E 0010010000101110 (  50) CHECK_OVERFLOW       LD R2, SIGN_BIT
(3031) 5002 0101000000000010 (  51)                      AND R0, R0, R2
(3032) 0405 0000010000000101 (  52)                      BRz OP1_POSITIVE
(3033) 5242 0101001001000010 (  53) OP1_NEGATIVE         AND R1, R1, R2
(3034) 040A 0000010000001010 (  54)                      BRz PRINT_RESULT
(3035) 5D82 0101110110000010 (  55) OP2_ALSO_NEGATIVE    AND R6, R6, R2
(3036) 0A08 0000101000001000 (  56)                      BRnp PRINT_RESULT
(3037) 0E04 0000111000000100 (  57)                      BRnzp OVERFLOWED
(3038) 5242 0101001001000010 (  58) OP1_POSITIVE         AND R1, R1, R2
(3039) 0A05 0000101000000101 (  59)                      BRnp PRINT_RESULT
(303A) 5D82 0101110110000010 (  60) OP2_ALSO_POSITIVE    AND R6, R6, R2
(303B) 0403 0000010000000011 (  61)                      BRz PRINT_RESULT
(303C) 54A0 0101010010100000 (  62) OVERFLOWED           AND R2, R2, #0
(303D) 14A1 0001010010100001 (  63)                      ADD R2, R2, #1
(303E) 3425 0011010000100101 (  64)                      ST R2, OVERFLOW
(303F) 2C21 0010110000100001 (  65) PRINT_RESULT         LD R6, MSW_RESULT
(3040) 480D 0100100000001101 (  66)                      JSR BEGIN_PRINT_BINARY
(3041) 2027 0010000000100111 (  67)                      LD R0, ASCII_SPACE
(3042) F021 1111000000100001 (  68)                      OUT
(3043) 2C1E 0010110000011110 (  69)                      LD R6, LSW_RESULT
(3044) 4809 0100100000001001 (  70)                      JSR BEGIN_PRINT_BINARY
(3045) 201D 0010000000011101 (  71)                      LD R0, CARRY
(3046) 0402 0000010000000010 (  72)                      BRz PRINT_OVERFLOW
(3047) E042 1110000001000010 (  73) PRINT_CARRY          LEA R0, CARRY_STR
(3048) F022 1111000000100010 (  74)                      PUTS
(3049) 201A 0010000000011010 (  75) PRINT_OVERFLOW       LD R0, OVERFLOW
(304A) 0402 0000010000000010 (  76)                      BRz FINISH
(304B) E041 1110000001000001 (  77)                      LEA R0, OVERFLOW_STR
(304C) F022 1111000000100010 (  78)                      PUTS
(304D) F025 1111000000100101 (  79) FINISH               HALT
(304E) 3E16 0011111000010110 (  80) BEGIN_PRINT_BINARY   ST R7, RETURN_ADDRESS
(304F) E640 1110011001000000 (  81)                      LEA R3, BITMASKS
(3050) 68C0 0110100011000000 (  82) PRINT_BINARY         LDR R4, R3, #0
(3051) 040A 0000010000001010 (  83)                      BRz END_PRINT_BINARY
(3052) 5906 0101100100000110 (  84)                      AND R4, R4, R6
(3053) 0A04 0000101000000100 (  85)                      BRnp PRINT_ONE
(3054) 2011 0010000000010001 (  86) PRINT_ZERO           LD R0, ASCII_ZERO
(3055) F021 1111000000100001 (  87)                      OUT
(3056) 16E1 0001011011100001 (  88)                      ADD R3, R3, #1
(3057) 0FF8 0000111111111000 (  89)                      BRnzp PRINT_BINARY
(3058) 200E 0010000000001110 (  90) PRINT_ONE            LD R0, ASCII_ONE
(3059) F021 1111000000100001 (  91)                      OUT
(305A) 16E1 0001011011100001 (  92)                      ADD R3, R3, #1
(305B) 0FF4 0000111111110100 (  93)                      BRnzp PRINT_BINARY
(305C) 2E08 0010111000001000 (  94) END_PRINT_BINARY     LD R7, RETURN_ADDRESS
(305D) C1C0 1100000111000000 (  95)                      RET
(305E) 7FFF 0111111111111111 (  96) MASK                 STR R7, R7, #-1
(305F) 4000 0100000000000000 (  97) SIGN_BIT             .FILL 0x4000
(3060) 8000 1000000000000000 (  98) CARRY_BIT            .FILL 0x8000
(3061) 0000 0000000000000000 (  99) MSW_RESULT           .FILL 0x0000
(3062) 0000 0000000000000000 ( 100) LSW_RESULT           .FILL 0x0000
(3063) 0000 0000000000000000 ( 101) CARRY                .FILL 0x0000
(3064) 0000 0000000000000000 ( 102) OVERFLOW             .FILL 0x0000
(3065) 0000 0000000000000000 ( 103) RETURN_ADDRESS       .FILL 0x0000
(3066) 0030 0000000000110000 ( 104) ASCII_ZERO           .FILL 0x0030
(3067) 0031 0000000000110001 ( 105) ASCII_ONE            .FILL 0x0031
(3068) 000A 0000000000001010 ( 106) ASCII_NEWLINE        .FILL 0x000A
(3069) 0020 0000000000100000 ( 107) ASCII_SPACE          .FILL 0x0020
(306A) 003D 0000000000111101 ( 108) SEPERATOR            .FILL 0x003D
(306B) 003D 0000000000111101 ( 109)                      .FILL 0x003D
(306C) 003D 0000000000111101 ( 110)                      .FILL 0x003D
(306D) 003D 0000000000111101 ( 111)                      .FILL 0x003D
(306E) 003D 0000000000111101 ( 112)                      .FILL 0x003D
(306F) 003D 0000000000111101 ( 113)                      .FILL 0x003D
(3070) 003D 0000000000111101 ( 114)                      .FILL 0x003D
(3071) 003D 0000000000111101 ( 115)                      .FILL 0x003D
(3072) 003D 0000000000111101 ( 116)                      .FILL 0x003D
(3073) 003D 0000000000111101 ( 117)                      .FILL 0x003D
(3074) 003D 0000000000111101 ( 118)                      .FILL 0x003D
(3075) 003D 0000000000111101 ( 119)                      .FILL 0x003D
(3076) 003D 0000000000111101 ( 120)                      .FILL 0x003D
(3077) 003D 0000000000111101 ( 121)                      .FILL 0x003D
(3078) 003D 0000000000111101 ( 122)                      .FILL 0x003D
(3079) 0020 0000000000100000 ( 123)                      .FILL 0x0020
(307A) 003D 0000000000111101 ( 124)                      .FILL 0x003D
(307B) 003D 0000000000111101 ( 125)                      .FILL 0x003D
(307C) 003D 0000000000111101 ( 126)                      .FILL 0x003D
(307D) 003D 0000000000111101 ( 127)                      .FILL 0x003D
(307E) 003D 0000000000111101 ( 128)                      .FILL 0x003D
(307F) 003D 0000000000111101 ( 129)                      .FILL 0x003D
(3080) 003D 0000000000111101 ( 130)                      .FILL 0x003D
(3081) 003D 0000000000111101 ( 131)                      .FILL 0x003D
(3082) 003D 0000000000111101 ( 132)                      .FILL 0x003D
(3083) 003D 0000000000111101 ( 133)                      .FILL 0x003D
(3084) 003D 0000000000111101 ( 134)                      .FILL 0x003D
(3085) 003D 0000000000111101 ( 135)                      .FILL 0x003D
(3086) 003D 0000000000111101 ( 136)                      .FILL 0x003D
(3087) 003D 0000000000111101 ( 137)                      .FILL 0x003D
(3088) 003D 0000000000111101 ( 138)                      .FILL 0x003D
(3089) 0000 0000000000000000 ( 139)                      .FILL 0x0000
(308A) 0020 0000000000100000 ( 140) CARRY_STR            .FILL 0x0020
(308B) 0063 0000000001100011 ( 141)                      .FILL 0x0063
(308C) 0000 0000000000000000 ( 142)                      .FILL 0x0000
(308D) 0020 0000000000100000 ( 143) OVERFLOW_STR         .FILL 0x0020
(308E) 0076 0000000001110110 ( 144)                      .FILL 0x0076
(308F) 0000 0000000000000000 ( 145)                      .FILL 0x0000
(3090) 4000 0100000000000000 ( 146) BITMASKS             .FILL 0x4000
(3091) 2000 0010000000000000 ( 147)                      .FILL 0x2000
(3092) 1000 0001000000000000 ( 148)                      ADD R0, R0, R0
(3093) 0800 0000100000000000 ( 149)                      .FILL 0x0800
(3094) 0400 0000010000000000 ( 150)                      .FILL 0x0400
(3095) 0200 0000001000000000 ( 151)                      .FILL 0x0200
(3096) 0100 0000000100000000 ( 152)                      .FILL 0x0100
(3097) 0080 0000000010000000 ( 153)                      .FILL 0x0080
(3098) 0040 0000000001000000 ( 154)                      .FILL 0x0040
(3099) 0020 0000000000100000 ( 155)                      .FILL 0x0020
(309A) 0010 0000000000010000 ( 156)                      .FILL 0x0010
(309B) 0008 0000000000001000 ( 157)                      .FILL 0x0008
(309C) 0004 0000000000000100 ( 158)                      .FILL 0x0004
(309D) 0002 0000000000000010 ( 159)                      .FILL 0x0002
(309E) 0001 0000000000000001 ( 160)                      .FILL 0x0001
(309F) 0000 0000000000000000 ( 161)                      .FILL 0x0000
(0000) 0000 0000000000000000 ( 162)                      .END
